# JRE version: OpenJDK Runtime Environment (11.0.8+10) (build 11.0.8+10-b944.6842174)
# Java VM: OpenJDK 64-Bit Server VM (11.0.8+10-b944.6842174, mixed mode, tiered, compressed oops, g1 gc, windows-amd64)
Heap:
 garbage-first heap   total 518144K, used 516091K [0x00000000a0000000, 0x0000000100000000)
  region size 1024K, 11 young (11264K), 1 survivors (1024K)
 Metaspace       used 114290K, capacity 117712K, committed 118016K, reserved 1150976K
  class space    used 14969K, capacity 16257K, committed 16384K, reserved 1048576K
GC Heap History (20 events):
Event: 128.744 GC heap before
{Heap before GC invocations=104 (full 0):
 garbage-first heap   total 183296K, used 131072K [0x00000000a0000000, 0x0000000100000000)
  region size 1024K, 8 young (8192K), 4 survivors (4096K)
 Metaspace       used 111559K, capacity 114883K, committed 115072K, reserved 1148928K
  class space    used 14642K, capacity 15894K, committed 16000K, reserved 1048576K
}
Event: 128.762 GC heap after
{Heap after GC invocations=105 (full 0):
 garbage-first heap   total 241664K, used 128256K [0x00000000a0000000, 0x0000000100000000)
  region size 1024K, 1 young (1024K), 1 survivors (1024K)
 Metaspace       used 111559K, capacity 114883K, committed 115072K, reserved 1148928K
  class space    used 14642K, capacity 15894K, committed 16000K, reserved 1048576K
}
Event: 129.179 GC heap before
{Heap before GC invocations=105 (full 0):
 garbage-first heap   total 241664K, used 144640K [0x00000000a0000000, 0x0000000100000000)
  region size 1024K, 18 young (18432K), 1 survivors (1024K)
 Metaspace       used 111652K, capacity 115040K, committed 115328K, reserved 1148928K
  class space    used 14642K, capacity 15894K, committed 16000K, reserved 1048576K
}
Event: 129.185 GC heap after
{Heap after GC invocations=106 (full 0):
 garbage-first heap   total 241664K, used 129036K [0x00000000a0000000, 0x0000000100000000)
  region size 1024K, 2 young (2048K), 2 survivors (2048K)
 Metaspace       used 111652K, capacity 115040K, committed 115328K, reserved 1148928K
  class space    used 14642K, capacity 15894K, committed 16000K, reserved 1048576K
}
Event: 130.091 GC heap before
{Heap before GC invocations=107 (full 0):
 garbage-first heap   total 241664K, used 144396K [0x00000000a0000000, 0x0000000100000000)
  region size 1024K, 14 young (14336K), 2 survivors (2048K)
 Metaspace       used 111776K, capacity 115181K, committed 115328K, reserved 1148928K
  class space    used 14643K, capacity 15895K, committed 16000K, reserved 1048576K
}
Event: 130.097 GC heap after
{Heap after GC invocations=108 (full 0):
 garbage-first heap   total 241664K, used 132962K [0x00000000a0000000, 0x0000000100000000)
  region size 1024K, 2 young (2048K), 2 survivors (2048K)
 Metaspace       used 111776K, capacity 115181K, committed 115328K, reserved 1148928K
  class space    used 14643K, capacity 15895K, committed 16000K, reserved 1048576K
}
Event: 130.683 GC heap before
{Heap before GC invocations=109 (full 0):
 garbage-first heap   total 241664K, used 142178K [0x00000000a0000000, 0x0000000100000000)
  region size 1024K, 5 young (5120K), 2 survivors (2048K)
 Metaspace       used 111806K, capacity 115191K, committed 115328K, reserved 1148928K
  class space    used 14643K, capacity 15895K, committed 16000K, reserved 1048576K
}
Event: 130.694 GC heap after
{Heap after GC invocations=110 (full 0):
 garbage-first heap   total 241664K, used 128835K [0x00000000a0000000, 0x0000000100000000)
  region size 1024K, 2 young (2048K), 2 survivors (2048K)
 Metaspace       used 111806K, capacity 115191K, committed 115328K, reserved 1148928K
  class space    used 14643K, capacity 15895K, committed 16000K, reserved 1048576K
}
Event: 132.027 GC heap before
{Heap before GC invocations=111 (full 0):
 garbage-first heap   total 241664K, used 174915K [0x00000000a0000000, 0x0000000100000000)
  region size 1024K, 40 young (40960K), 2 survivors (2048K)
 Metaspace       used 111826K, capacity 115193K, committed 115328K, reserved 1148928K
  class space    used 14644K, capacity 15895K, committed 16000K, reserved 1048576K
}
Event: 132.102 GC heap after
{Heap after GC invocations=112 (full 0):
 garbage-first heap   total 241664K, used 153094K [0x00000000a0000000, 0x0000000100000000)
  region size 1024K, 5 young (5120K), 5 survivors (5120K)
 Metaspace       used 111826K, capacity 115193K, committed 115328K, reserved 1148928K
  class space    used 14644K, capacity 15895K, committed 16000K, reserved 1048576K
}
Event: 132.310 GC heap before
{Heap before GC invocations=112 (full 0):
 garbage-first heap   total 241664K, used 159238K [0x00000000a0000000, 0x0000000100000000)
  region size 1024K, 11 young (11264K), 5 survivors (5120K)
 Metaspace       used 111835K, capacity 115196K, committed 115328K, reserved 1148928K
  class space    used 14644K, capacity 15895K, committed 16000K, reserved 1048576K
}
Event: 132.351 GC heap after
{Heap after GC invocations=113 (full 0):
 garbage-first heap   total 241664K, used 152576K [0x00000000a0000000, 0x0000000100000000)
  region size 1024K, 2 young (2048K), 2 survivors (2048K)
 Metaspace       used 111835K, capacity 115196K, committed 115328K, reserved 1148928K
  class space    used 14644K, capacity 15895K, committed 16000K, reserved 1048576K
}
Event: 133.009 GC heap before
{Heap before GC invocations=113 (full 0):
 garbage-first heap   total 241664K, used 168960K [0x00000000a0000000, 0x0000000100000000)
  region size 1024K, 20 young (20480K), 2 survivors (2048K)
 Metaspace       used 111843K, capacity 115260K, committed 115584K, reserved 1148928K
  class space    used 14644K, capacity 15895K, committed 16000K, reserved 1048576K
}
Event: 133.031 GC heap after
{Heap after GC invocations=114 (full 0):
 garbage-first heap   total 241664K, used 157376K [0x00000000a0000000, 0x0000000100000000)
  region size 1024K, 4 young (4096K), 4 survivors (4096K)
 Metaspace       used 111843K, capacity 115260K, committed 115584K, reserved 1148928K
  class space    used 14644K, capacity 15895K, committed 16000K, reserved 1048576K
}
Event: 134.208 GC heap before
{Heap before GC invocations=115 (full 0):
 garbage-first heap   total 241664K, used 167616K [0x00000000a0000000, 0x0000000100000000)
  region size 1024K, 31 young (31744K), 4 survivors (4096K)
 Metaspace       used 111848K, capacity 115262K, committed 115584K, reserved 1148928K
  class space    used 14644K, capacity 15895K, committed 16000K, reserved 1048576K
}
Event: 134.234 GC heap after
{Heap after GC invocations=116 (full 0):
 garbage-first heap   total 241664K, used 148257K [0x00000000a0000000, 0x0000000100000000)
  region size 1024K, 4 young (4096K), 4 survivors (4096K)
 Metaspace       used 111848K, capacity 115262K, committed 115584K, reserved 1148928K
  class space    used 14644K, capacity 15895K, committed 16000K, reserved 1048576K
}
Event: 134.292 GC heap before
{Heap before GC invocations=116 (full 0):
 garbage-first heap   total 241664K, used 159521K [0x00000000a0000000, 0x0000000100000000)
  region size 1024K, 11 young (11264K), 4 survivors (4096K)
 Metaspace       used 111848K, capacity 115262K, committed 115584K, reserved 1148928K
  class space    used 14644K, capacity 15895K, committed 16000K, reserved 1048576K
}
Event: 134.305 GC heap after
{Heap after GC invocations=117 (full 0):
 garbage-first heap   total 317440K, used 138997K [0x00000000a0000000, 0x0000000100000000)
  region size 1024K, 1 young (1024K), 1 survivors (1024K)
 Metaspace       used 111848K, capacity 115262K, committed 115584K, reserved 1148928K
  class space    used 14644K, capacity 15895K, committed 16000K, reserved 1048576K
}
Event: 140.296 GC heap before
{Heap before GC invocations=117 (full 0):
 garbage-first heap   total 317440K, used 254709K [0x00000000a0000000, 0x0000000100000000)
  region size 1024K, 37 young (37888K), 1 survivors (1024K)
 Metaspace       used 113705K, capacity 117139K, committed 117376K, reserved 1150976K
  class space    used 14889K, capacity 16176K, committed 16256K, reserved 1048576K
}
Event: 140.305 GC heap after
{Heap after GC invocations=118 (full 0):
 garbage-first heap   total 317440K, used 172284K [0x00000000a0000000, 0x0000000100000000)
  region size 1024K, 1 young (1024K), 1 survivors (1024K)
 Metaspace       used 113705K, capacity 117139K, committed 117376K, reserved 1150976K
  class space    used 14889K, capacity 16176K, committed 16256K, reserved 1048576K
}

